ARM GAS  C:\Users\merlin\AppData\Local\Temp\ccDCoGqS.s 			page 1


   1              		.cpu cortex-m0
   2              		.fpu softvfp
   3              		.eabi_attribute 20, 1
   4              		.eabi_attribute 21, 1
   5              		.eabi_attribute 23, 3
   6              		.eabi_attribute 24, 1
   7              		.eabi_attribute 25, 1
   8              		.eabi_attribute 26, 1
   9              		.eabi_attribute 30, 1
  10              		.eabi_attribute 34, 0
  11              		.eabi_attribute 18, 4
  12              		.code	16
  13              		.file	"CapSense_INT.c"
  14              		.text
  15              	.Ltext0:
  16              		.cfi_sections	.debug_frame
  17              		.section	.text.CapSense_ISR,"ax",%progbits
  18              		.align	2
  19              		.global	CapSense_ISR
  20              		.code	16
  21              		.thumb_func
  22              		.type	CapSense_ISR, %function
  23              	CapSense_ISR:
  24              	.LFB34:
  25              		.file 1 ".\\Generated_Source\\PSoC4\\CapSense_INT.c"
   1:.\Generated_Source\PSoC4/CapSense_INT.c **** /*******************************************************************************
   2:.\Generated_Source\PSoC4/CapSense_INT.c **** * File Name: CapSense_INT.c
   3:.\Generated_Source\PSoC4/CapSense_INT.c **** * Version 2.10
   4:.\Generated_Source\PSoC4/CapSense_INT.c **** *
   5:.\Generated_Source\PSoC4/CapSense_INT.c **** * Description:
   6:.\Generated_Source\PSoC4/CapSense_INT.c **** *  This file provides the source code of the  Interrupt Service Routine (ISR)
   7:.\Generated_Source\PSoC4/CapSense_INT.c **** *  for the CapSense CSD component.
   8:.\Generated_Source\PSoC4/CapSense_INT.c **** *
   9:.\Generated_Source\PSoC4/CapSense_INT.c **** * Note:
  10:.\Generated_Source\PSoC4/CapSense_INT.c **** *
  11:.\Generated_Source\PSoC4/CapSense_INT.c **** ********************************************************************************
  12:.\Generated_Source\PSoC4/CapSense_INT.c **** * Copyright 2014, Cypress Semiconductor Corporation.  All rights reserved.
  13:.\Generated_Source\PSoC4/CapSense_INT.c **** * You may use this file only in accordance with the license, terms, conditions,
  14:.\Generated_Source\PSoC4/CapSense_INT.c **** * disclaimers, and limitations in the end user license agreement accompanying
  15:.\Generated_Source\PSoC4/CapSense_INT.c **** * the software package with which this file was provided.
  16:.\Generated_Source\PSoC4/CapSense_INT.c **** *******************************************************************************/
  17:.\Generated_Source\PSoC4/CapSense_INT.c **** 
  18:.\Generated_Source\PSoC4/CapSense_INT.c **** #include "CapSense.h"
  19:.\Generated_Source\PSoC4/CapSense_INT.c **** #include "CapSense_PVT.h"
  20:.\Generated_Source\PSoC4/CapSense_INT.c **** 
  21:.\Generated_Source\PSoC4/CapSense_INT.c **** /*******************************************************************************
  22:.\Generated_Source\PSoC4/CapSense_INT.c **** *  Place your includes, defines and code here 
  23:.\Generated_Source\PSoC4/CapSense_INT.c **** ********************************************************************************/
  24:.\Generated_Source\PSoC4/CapSense_INT.c **** /* `#START CapSense_ISR_INTC` */
  25:.\Generated_Source\PSoC4/CapSense_INT.c **** 
  26:.\Generated_Source\PSoC4/CapSense_INT.c **** /* `#END` */
  27:.\Generated_Source\PSoC4/CapSense_INT.c **** 
  28:.\Generated_Source\PSoC4/CapSense_INT.c **** 
  29:.\Generated_Source\PSoC4/CapSense_INT.c **** /*******************************************************************************
  30:.\Generated_Source\PSoC4/CapSense_INT.c **** * Function Name: CapSense_ISR
  31:.\Generated_Source\PSoC4/CapSense_INT.c **** ********************************************************************************
  32:.\Generated_Source\PSoC4/CapSense_INT.c **** *
ARM GAS  C:\Users\merlin\AppData\Local\Temp\ccDCoGqS.s 			page 2


  33:.\Generated_Source\PSoC4/CapSense_INT.c **** * Summary:
  34:.\Generated_Source\PSoC4/CapSense_INT.c **** *  This ISR is executed when the measure window is closed. The measure window 
  35:.\Generated_Source\PSoC4/CapSense_INT.c **** *  depends on the sensor scan resolution parameter. 
  36:.\Generated_Source\PSoC4/CapSense_INT.c **** *  The ISR has two modes: 
  37:.\Generated_Source\PSoC4/CapSense_INT.c **** *   1. Scans a single sensor and stores the measure result.
  38:.\Generated_Source\PSoC4/CapSense_INT.c **** *   2. Stores the result of the current measure and starts the next scan till all 
  39:.\Generated_Source\PSoC4/CapSense_INT.c **** *      the enabled sensors are scanned.
  40:.\Generated_Source\PSoC4/CapSense_INT.c **** *  This interrupt handler is only used in one channel designs.
  41:.\Generated_Source\PSoC4/CapSense_INT.c **** *
  42:.\Generated_Source\PSoC4/CapSense_INT.c **** * Parameters:
  43:.\Generated_Source\PSoC4/CapSense_INT.c **** *  None
  44:.\Generated_Source\PSoC4/CapSense_INT.c **** *
  45:.\Generated_Source\PSoC4/CapSense_INT.c **** * Return:
  46:.\Generated_Source\PSoC4/CapSense_INT.c **** *  None
  47:.\Generated_Source\PSoC4/CapSense_INT.c **** *
  48:.\Generated_Source\PSoC4/CapSense_INT.c **** * Global Variables:
  49:.\Generated_Source\PSoC4/CapSense_INT.c **** *  CapSense_csv - used to provide the status and mode of the scanning process.
  50:.\Generated_Source\PSoC4/CapSense_INT.c **** *   Mode - a single scan or scan of all the enabled sensors.
  51:.\Generated_Source\PSoC4/CapSense_INT.c **** *   Status - scan is in progress or ready for new scan.
  52:.\Generated_Source\PSoC4/CapSense_INT.c **** *  CapSense_sensorIndex - used to store a sensor scanning sensor number.
  53:.\Generated_Source\PSoC4/CapSense_INT.c **** *
  54:.\Generated_Source\PSoC4/CapSense_INT.c **** * Reentrant:
  55:.\Generated_Source\PSoC4/CapSense_INT.c **** *  No
  56:.\Generated_Source\PSoC4/CapSense_INT.c **** *
  57:.\Generated_Source\PSoC4/CapSense_INT.c **** *******************************************************************************/
  58:.\Generated_Source\PSoC4/CapSense_INT.c **** CY_ISR(CapSense_ISR)
  59:.\Generated_Source\PSoC4/CapSense_INT.c **** {
  26              		.loc 1 59 0
  27              		.cfi_startproc
  28 0000 10B5     		push	{r4, lr}
  29              		.cfi_def_cfa_offset 8
  30              		.cfi_offset 4, -8
  31              		.cfi_offset 14, -4
  60:.\Generated_Source\PSoC4/CapSense_INT.c ****     static uint8 CapSense_snsIndexTmp;
  61:.\Generated_Source\PSoC4/CapSense_INT.c **** 	/*  Place your Interrupt code here. */
  62:.\Generated_Source\PSoC4/CapSense_INT.c ****     /* `#START CapSense_ISR_ENTER` */
  63:.\Generated_Source\PSoC4/CapSense_INT.c **** 
  64:.\Generated_Source\PSoC4/CapSense_INT.c ****     /* `#END` */
  65:.\Generated_Source\PSoC4/CapSense_INT.c **** 
  66:.\Generated_Source\PSoC4/CapSense_INT.c **** 	CyIntDisable(CapSense_ISR_NUMBER);
  32              		.loc 1 66 0
  33 0002 1120     		mov	r0, #17
  34 0004 FFF7FEFF 		bl	CyIntDisable
  35              	.LVL0:
  67:.\Generated_Source\PSoC4/CapSense_INT.c ****     
  68:.\Generated_Source\PSoC4/CapSense_INT.c ****     CapSense_CSD_INTR_REG = 1u;
  36              		.loc 1 68 0
  37 0008 0122     		mov	r2, #1
  38 000a 1E4B     		ldr	r3, .L7
  39 000c 1A60     		str	r2, [r3]
  69:.\Generated_Source\PSoC4/CapSense_INT.c **** 
  70:.\Generated_Source\PSoC4/CapSense_INT.c ****     CapSense_PostScan((uint32)CapSense_sensorIndex);
  40              		.loc 1 70 0
  41 000e 1E4B     		ldr	r3, .L7+4
  42 0010 1878     		ldrb	r0, [r3]
  43 0012 C0B2     		uxtb	r0, r0
  44 0014 FFF7FEFF 		bl	CapSense_PostScan
ARM GAS  C:\Users\merlin\AppData\Local\Temp\ccDCoGqS.s 			page 3


  45              	.LVL1:
  71:.\Generated_Source\PSoC4/CapSense_INT.c ****             
  72:.\Generated_Source\PSoC4/CapSense_INT.c ****     if ((CapSense_csdStatusVar & CapSense_SW_CTRL_SINGLE_SCAN) != 0u)
  46              		.loc 1 72 0
  47 0018 1C4B     		ldr	r3, .L7+8
  48 001a 1B78     		ldrb	r3, [r3]
  49 001c 5BB2     		sxtb	r3, r3
  50 001e 002B     		cmp	r3, #0
  51 0020 05DA     		bge	.L2
  73:.\Generated_Source\PSoC4/CapSense_INT.c ****     {
  74:.\Generated_Source\PSoC4/CapSense_INT.c ****         CapSense_csdStatusVar &= (uint8)~CapSense_SW_STS_BUSY;
  52              		.loc 1 74 0
  53 0022 1A4A     		ldr	r2, .L7+8
  54 0024 1378     		ldrb	r3, [r2]
  55 0026 0121     		mov	r1, #1
  56 0028 8B43     		bic	r3, r1
  57 002a 1370     		strb	r3, [r2]
  58 002c 25E0     		b	.L3
  59              	.L2:
  75:.\Generated_Source\PSoC4/CapSense_INT.c ****     }
  76:.\Generated_Source\PSoC4/CapSense_INT.c ****     else
  77:.\Generated_Source\PSoC4/CapSense_INT.c ****     {
  78:.\Generated_Source\PSoC4/CapSense_INT.c ****         /* Proceed scanning */
  79:.\Generated_Source\PSoC4/CapSense_INT.c ****         CapSense_sensorIndex = CapSense_FindNextSensor(CapSense_sensorIndex);
  60              		.loc 1 79 0
  61 002e 164C     		ldr	r4, .L7+4
  62 0030 2078     		ldrb	r0, [r4]
  63 0032 C0B2     		uxtb	r0, r0
  64 0034 FFF7FEFF 		bl	CapSense_FindNextSensor
  65              	.LVL2:
  66 0038 2070     		strb	r0, [r4]
  80:.\Generated_Source\PSoC4/CapSense_INT.c ****         
  81:.\Generated_Source\PSoC4/CapSense_INT.c ****         /* Check end of scan */
  82:.\Generated_Source\PSoC4/CapSense_INT.c ****         if(CapSense_sensorIndex < CapSense_TOTAL_SENSOR_COUNT)
  67              		.loc 1 82 0
  68 003a 2378     		ldrb	r3, [r4]
  69 003c 002B     		cmp	r3, #0
  70 003e 05D1     		bne	.L4
  83:.\Generated_Source\PSoC4/CapSense_INT.c ****         {
  84:.\Generated_Source\PSoC4/CapSense_INT.c ****             CapSense_PreScan((uint32)CapSense_sensorIndex);
  71              		.loc 1 84 0
  72 0040 114B     		ldr	r3, .L7+4
  73 0042 1878     		ldrb	r0, [r3]
  74 0044 C0B2     		uxtb	r0, r0
  75 0046 FFF7FEFF 		bl	CapSense_PreScan
  76              	.LVL3:
  77 004a 16E0     		b	.L3
  78              	.L4:
  85:.\Generated_Source\PSoC4/CapSense_INT.c ****         }
  86:.\Generated_Source\PSoC4/CapSense_INT.c ****         else
  87:.\Generated_Source\PSoC4/CapSense_INT.c ****         {
  88:.\Generated_Source\PSoC4/CapSense_INT.c ****             CapSense_csdStatusVar &= (uint8)~CapSense_SW_STS_BUSY;
  79              		.loc 1 88 0
  80 004c 0F4B     		ldr	r3, .L7+8
  81 004e 1A78     		ldrb	r2, [r3]
  82 0050 0121     		mov	r1, #1
  83 0052 8A43     		bic	r2, r1
ARM GAS  C:\Users\merlin\AppData\Local\Temp\ccDCoGqS.s 			page 4


  84 0054 1A70     		strb	r2, [r3]
  89:.\Generated_Source\PSoC4/CapSense_INT.c **** 
  90:.\Generated_Source\PSoC4/CapSense_INT.c **** 			 /* Check if widget has been scanned */
  91:.\Generated_Source\PSoC4/CapSense_INT.c **** 			if((CapSense_csdStatusVar & CapSense_SW_CTRL_WIDGET_SCAN) != 0u)
  85              		.loc 1 91 0
  86 0056 1B78     		ldrb	r3, [r3]
  87 0058 5B06     		lsl	r3, r3, #25
  88 005a 0ED5     		bpl	.L3
  92:.\Generated_Source\PSoC4/CapSense_INT.c **** 			{
  93:.\Generated_Source\PSoC4/CapSense_INT.c **** 			    /* Restore sensorEnableMask array */
  94:.\Generated_Source\PSoC4/CapSense_INT.c **** 				for(CapSense_snsIndexTmp = 0u; 
  89              		.loc 1 94 0
  90 005c 0022     		mov	r2, #0
  91 005e 0C4B     		ldr	r3, .L7+12
  92 0060 1A70     		strb	r2, [r3]
  93 0062 06E0     		b	.L5
  94              	.L6:
  95:.\Generated_Source\PSoC4/CapSense_INT.c **** 				    CapSense_snsIndexTmp < CapSense_TOTAL_SENSOR_MASK; 
  96:.\Generated_Source\PSoC4/CapSense_INT.c **** 					CapSense_snsIndexTmp++)
  97:.\Generated_Source\PSoC4/CapSense_INT.c **** 				{
  98:.\Generated_Source\PSoC4/CapSense_INT.c **** 					/* Backup sensorEnableMask array */
  99:.\Generated_Source\PSoC4/CapSense_INT.c **** 					CapSense_sensorEnableMask[CapSense_snsIndexTmp] = CapSense_sensorEnableMaskBackup[CapSense_sns
  95              		.loc 1 99 0
  96 0064 0B4A     		ldr	r2, .L7+16
  97 0066 D15C     		ldrb	r1, [r2, r3]
  98 0068 0B4A     		ldr	r2, .L7+20
  99 006a D154     		strb	r1, [r2, r3]
  96:.\Generated_Source\PSoC4/CapSense_INT.c **** 				{
 100              		.loc 1 96 0
 101 006c 0133     		add	r3, r3, #1
 102 006e 084A     		ldr	r2, .L7+12
 103 0070 1370     		strb	r3, [r2]
 104              	.L5:
  95:.\Generated_Source\PSoC4/CapSense_INT.c **** 				    CapSense_snsIndexTmp < CapSense_TOTAL_SENSOR_MASK; 
 105              		.loc 1 95 0 discriminator 1
 106 0072 074B     		ldr	r3, .L7+12
 107 0074 1B78     		ldrb	r3, [r3]
  94:.\Generated_Source\PSoC4/CapSense_INT.c **** 				    CapSense_snsIndexTmp < CapSense_TOTAL_SENSOR_MASK; 
 108              		.loc 1 94 0 discriminator 1
 109 0076 002B     		cmp	r3, #0
 110 0078 F4D0     		beq	.L6
 111              	.L3:
 100:.\Generated_Source\PSoC4/CapSense_INT.c **** 				}
 101:.\Generated_Source\PSoC4/CapSense_INT.c **** 			}
 102:.\Generated_Source\PSoC4/CapSense_INT.c ****         } 
 103:.\Generated_Source\PSoC4/CapSense_INT.c ****     }
 104:.\Generated_Source\PSoC4/CapSense_INT.c ****     CyIntEnable(CapSense_ISR_NUMBER);
 112              		.loc 1 104 0
 113 007a 1120     		mov	r0, #17
 114 007c FFF7FEFF 		bl	CyIntEnable
 115              	.LVL4:
 105:.\Generated_Source\PSoC4/CapSense_INT.c **** 	
 106:.\Generated_Source\PSoC4/CapSense_INT.c **** 	/*  Place your Interrupt code here. */
 107:.\Generated_Source\PSoC4/CapSense_INT.c ****     /* `#START CapSense_ISR_EXIT` */
 108:.\Generated_Source\PSoC4/CapSense_INT.c **** 
 109:.\Generated_Source\PSoC4/CapSense_INT.c ****     /* `#END` */
 110:.\Generated_Source\PSoC4/CapSense_INT.c **** }
ARM GAS  C:\Users\merlin\AppData\Local\Temp\ccDCoGqS.s 			page 5


 116              		.loc 1 110 0
 117              		@ sp needed
 118 0080 10BD     		pop	{r4, pc}
 119              	.L8:
 120 0082 C046     		.align	2
 121              	.L7:
 122 0084 14002840 		.word	1076363284
 123 0088 00000000 		.word	CapSense_sensorIndex
 124 008c 00000000 		.word	CapSense_csdStatusVar
 125 0090 00000000 		.word	.LANCHOR0
 126 0094 00000000 		.word	CapSense_sensorEnableMaskBackup
 127 0098 00000000 		.word	CapSense_sensorEnableMask
 128              		.cfi_endproc
 129              	.LFE34:
 130              		.size	CapSense_ISR, .-CapSense_ISR
 131              		.bss
 132              		.set	.LANCHOR0,. + 0
 133              		.type	CapSense_snsIndexTmp.5216, %object
 134              		.size	CapSense_snsIndexTmp.5216, 1
 135              	CapSense_snsIndexTmp.5216:
 136 0000 00       		.space	1
 137              		.text
 138              	.Letext0:
 139              		.file 2 ".\\Generated_Source\\PSoC4\\cytypes.h"
 140              		.file 3 ".\\Generated_Source\\PSoC4\\CapSense.h"
 141              		.file 4 ".\\Generated_Source\\PSoC4\\CyLib.h"
 142              		.file 5 ".\\Generated_Source\\PSoC4\\CapSense_PVT.h"
 143              		.section	.debug_info,"",%progbits
 144              	.Ldebug_info0:
 145 0000 A9010000 		.4byte	0x1a9
 146 0004 0400     		.2byte	0x4
 147 0006 00000000 		.4byte	.Ldebug_abbrev0
 148 000a 04       		.byte	0x4
 149 000b 01       		.uleb128 0x1
 150 000c A8010000 		.4byte	.LASF23
 151 0010 01       		.byte	0x1
 152 0011 9D000000 		.4byte	.LASF24
 153 0015 69010000 		.4byte	.LASF25
 154 0019 00000000 		.4byte	.Ldebug_ranges0+0
 155 001d 00000000 		.4byte	0
 156 0021 00000000 		.4byte	.Ldebug_line0
 157 0025 02       		.uleb128 0x2
 158 0026 01       		.byte	0x1
 159 0027 06       		.byte	0x6
 160 0028 5C020000 		.4byte	.LASF0
 161 002c 02       		.uleb128 0x2
 162 002d 01       		.byte	0x1
 163 002e 08       		.byte	0x8
 164 002f 65000000 		.4byte	.LASF1
 165 0033 02       		.uleb128 0x2
 166 0034 02       		.byte	0x2
 167 0035 05       		.byte	0x5
 168 0036 43020000 		.4byte	.LASF2
 169 003a 02       		.uleb128 0x2
 170 003b 02       		.byte	0x2
 171 003c 07       		.byte	0x7
 172 003d 25000000 		.4byte	.LASF3
ARM GAS  C:\Users\merlin\AppData\Local\Temp\ccDCoGqS.s 			page 6


 173 0041 02       		.uleb128 0x2
 174 0042 04       		.byte	0x4
 175 0043 05       		.byte	0x5
 176 0044 53020000 		.4byte	.LASF4
 177 0048 02       		.uleb128 0x2
 178 0049 04       		.byte	0x4
 179 004a 07       		.byte	0x7
 180 004b 8B000000 		.4byte	.LASF5
 181 004f 02       		.uleb128 0x2
 182 0050 08       		.byte	0x8
 183 0051 05       		.byte	0x5
 184 0052 56010000 		.4byte	.LASF6
 185 0056 02       		.uleb128 0x2
 186 0057 08       		.byte	0x8
 187 0058 07       		.byte	0x7
 188 0059 21010000 		.4byte	.LASF7
 189 005d 03       		.uleb128 0x3
 190 005e 04       		.byte	0x4
 191 005f 05       		.byte	0x5
 192 0060 696E7400 		.ascii	"int\000"
 193 0064 02       		.uleb128 0x2
 194 0065 04       		.byte	0x4
 195 0066 07       		.byte	0x7
 196 0067 14010000 		.4byte	.LASF8
 197 006b 04       		.uleb128 0x4
 198 006c 4D020000 		.4byte	.LASF9
 199 0070 02       		.byte	0x2
 200 0071 B3       		.byte	0xb3
 201 0072 2C000000 		.4byte	0x2c
 202 0076 04       		.uleb128 0x4
 203 0077 0D010000 		.4byte	.LASF10
 204 007b 02       		.byte	0x2
 205 007c B5       		.byte	0xb5
 206 007d 48000000 		.4byte	0x48
 207 0081 02       		.uleb128 0x2
 208 0082 04       		.byte	0x4
 209 0083 04       		.byte	0x4
 210 0084 5F000000 		.4byte	.LASF11
 211 0088 02       		.uleb128 0x2
 212 0089 08       		.byte	0x8
 213 008a 04       		.byte	0x4
 214 008b FA000000 		.4byte	.LASF12
 215 008f 02       		.uleb128 0x2
 216 0090 01       		.byte	0x1
 217 0091 08       		.byte	0x8
 218 0092 64010000 		.4byte	.LASF13
 219 0096 05       		.uleb128 0x5
 220 0097 6B000000 		.4byte	0x6b
 221 009b 06       		.uleb128 0x6
 222 009c 00000000 		.4byte	.LASF14
 223 00a0 02       		.byte	0x2
 224 00a1 5F01     		.2byte	0x15f
 225 00a3 A7000000 		.4byte	0xa7
 226 00a7 05       		.uleb128 0x5
 227 00a8 76000000 		.4byte	0x76
 228 00ac 02       		.uleb128 0x2
 229 00ad 04       		.byte	0x4
ARM GAS  C:\Users\merlin\AppData\Local\Temp\ccDCoGqS.s 			page 7


 230 00ae 07       		.byte	0x7
 231 00af 4D010000 		.4byte	.LASF15
 232 00b3 07       		.uleb128 0x7
 233 00b4 18000000 		.4byte	.LASF26
 234 00b8 01       		.byte	0x1
 235 00b9 3A       		.byte	0x3a
 236 00ba 00000000 		.4byte	.LFB34
 237 00be 9C000000 		.4byte	.LFE34-.LFB34
 238 00c2 01       		.uleb128 0x1
 239 00c3 9C       		.byte	0x9c
 240 00c4 17010000 		.4byte	0x117
 241 00c8 08       		.uleb128 0x8
 242 00c9 E5000000 		.4byte	.LASF27
 243 00cd 01       		.byte	0x1
 244 00ce 3C       		.byte	0x3c
 245 00cf 6B000000 		.4byte	0x6b
 246 00d3 05       		.uleb128 0x5
 247 00d4 03       		.byte	0x3
 248 00d5 00000000 		.4byte	CapSense_snsIndexTmp.5216
 249 00d9 09       		.uleb128 0x9
 250 00da 08000000 		.4byte	.LVL0
 251 00de 57010000 		.4byte	0x157
 252 00e2 EC000000 		.4byte	0xec
 253 00e6 0A       		.uleb128 0xa
 254 00e7 01       		.uleb128 0x1
 255 00e8 50       		.byte	0x50
 256 00e9 01       		.uleb128 0x1
 257 00ea 41       		.byte	0x41
 258 00eb 00       		.byte	0
 259 00ec 0B       		.uleb128 0xb
 260 00ed 18000000 		.4byte	.LVL1
 261 00f1 68010000 		.4byte	0x168
 262 00f5 0B       		.uleb128 0xb
 263 00f6 38000000 		.4byte	.LVL2
 264 00fa 79010000 		.4byte	0x179
 265 00fe 0B       		.uleb128 0xb
 266 00ff 4A000000 		.4byte	.LVL3
 267 0103 8E010000 		.4byte	0x18e
 268 0107 0C       		.uleb128 0xc
 269 0108 80000000 		.4byte	.LVL4
 270 010c 9F010000 		.4byte	0x19f
 271 0110 0A       		.uleb128 0xa
 272 0111 01       		.uleb128 0x1
 273 0112 50       		.byte	0x50
 274 0113 01       		.uleb128 0x1
 275 0114 41       		.byte	0x41
 276 0115 00       		.byte	0
 277 0116 00       		.byte	0
 278 0117 0D       		.uleb128 0xd
 279 0118 38000000 		.4byte	.LASF16
 280 011c 03       		.byte	0x3
 281 011d CE03     		.2byte	0x3ce
 282 011f 96000000 		.4byte	0x96
 283 0123 0D       		.uleb128 0xd
 284 0124 38010000 		.4byte	.LASF17
 285 0128 03       		.byte	0x3
 286 0129 CF03     		.2byte	0x3cf
ARM GAS  C:\Users\merlin\AppData\Local\Temp\ccDCoGqS.s 			page 8


 287 012b 96000000 		.4byte	0x96
 288 012f 0E       		.uleb128 0xe
 289 0130 6B000000 		.4byte	0x6b
 290 0134 3F010000 		.4byte	0x13f
 291 0138 0F       		.uleb128 0xf
 292 0139 AC000000 		.4byte	0xac
 293 013d 00       		.byte	0
 294 013e 00       		.byte	0
 295 013f 0D       		.uleb128 0xd
 296 0140 C5000000 		.4byte	.LASF18
 297 0144 03       		.byte	0x3
 298 0145 D203     		.2byte	0x3d2
 299 0147 2F010000 		.4byte	0x12f
 300 014b 0D       		.uleb128 0xd
 301 014c 68020000 		.4byte	.LASF19
 302 0150 03       		.byte	0x3
 303 0151 D303     		.2byte	0x3d3
 304 0153 2F010000 		.4byte	0x12f
 305 0157 10       		.uleb128 0x10
 306 0158 36020000 		.4byte	.LASF20
 307 015c 04       		.byte	0x4
 308 015d 4E       		.byte	0x4e
 309 015e 68010000 		.4byte	0x168
 310 0162 11       		.uleb128 0x11
 311 0163 6B000000 		.4byte	0x6b
 312 0167 00       		.byte	0
 313 0168 10       		.uleb128 0x10
 314 0169 06000000 		.4byte	.LASF21
 315 016d 05       		.byte	0x5
 316 016e 52       		.byte	0x52
 317 016f 79010000 		.4byte	0x179
 318 0173 11       		.uleb128 0x11
 319 0174 76000000 		.4byte	0x76
 320 0178 00       		.byte	0
 321 0179 12       		.uleb128 0x12
 322 017a 73000000 		.4byte	.LASF28
 323 017e 05       		.byte	0x5
 324 017f 65       		.byte	0x65
 325 0180 6B000000 		.4byte	0x6b
 326 0184 8E010000 		.4byte	0x18e
 327 0188 11       		.uleb128 0x11
 328 0189 6B000000 		.4byte	0x6b
 329 018d 00       		.byte	0
 330 018e 10       		.uleb128 0x10
 331 018f 4E000000 		.4byte	.LASF22
 332 0193 05       		.byte	0x5
 333 0194 51       		.byte	0x51
 334 0195 9F010000 		.4byte	0x19f
 335 0199 11       		.uleb128 0x11
 336 019a 76000000 		.4byte	0x76
 337 019e 00       		.byte	0
 338 019f 13       		.uleb128 0x13
 339 01a0 01010000 		.4byte	.LASF29
 340 01a4 04       		.byte	0x4
 341 01a5 4C       		.byte	0x4c
 342 01a6 11       		.uleb128 0x11
 343 01a7 6B000000 		.4byte	0x6b
ARM GAS  C:\Users\merlin\AppData\Local\Temp\ccDCoGqS.s 			page 9


 344 01ab 00       		.byte	0
 345 01ac 00       		.byte	0
 346              		.section	.debug_abbrev,"",%progbits
 347              	.Ldebug_abbrev0:
 348 0000 01       		.uleb128 0x1
 349 0001 11       		.uleb128 0x11
 350 0002 01       		.byte	0x1
 351 0003 25       		.uleb128 0x25
 352 0004 0E       		.uleb128 0xe
 353 0005 13       		.uleb128 0x13
 354 0006 0B       		.uleb128 0xb
 355 0007 03       		.uleb128 0x3
 356 0008 0E       		.uleb128 0xe
 357 0009 1B       		.uleb128 0x1b
 358 000a 0E       		.uleb128 0xe
 359 000b 55       		.uleb128 0x55
 360 000c 17       		.uleb128 0x17
 361 000d 11       		.uleb128 0x11
 362 000e 01       		.uleb128 0x1
 363 000f 10       		.uleb128 0x10
 364 0010 17       		.uleb128 0x17
 365 0011 00       		.byte	0
 366 0012 00       		.byte	0
 367 0013 02       		.uleb128 0x2
 368 0014 24       		.uleb128 0x24
 369 0015 00       		.byte	0
 370 0016 0B       		.uleb128 0xb
 371 0017 0B       		.uleb128 0xb
 372 0018 3E       		.uleb128 0x3e
 373 0019 0B       		.uleb128 0xb
 374 001a 03       		.uleb128 0x3
 375 001b 0E       		.uleb128 0xe
 376 001c 00       		.byte	0
 377 001d 00       		.byte	0
 378 001e 03       		.uleb128 0x3
 379 001f 24       		.uleb128 0x24
 380 0020 00       		.byte	0
 381 0021 0B       		.uleb128 0xb
 382 0022 0B       		.uleb128 0xb
 383 0023 3E       		.uleb128 0x3e
 384 0024 0B       		.uleb128 0xb
 385 0025 03       		.uleb128 0x3
 386 0026 08       		.uleb128 0x8
 387 0027 00       		.byte	0
 388 0028 00       		.byte	0
 389 0029 04       		.uleb128 0x4
 390 002a 16       		.uleb128 0x16
 391 002b 00       		.byte	0
 392 002c 03       		.uleb128 0x3
 393 002d 0E       		.uleb128 0xe
 394 002e 3A       		.uleb128 0x3a
 395 002f 0B       		.uleb128 0xb
 396 0030 3B       		.uleb128 0x3b
 397 0031 0B       		.uleb128 0xb
 398 0032 49       		.uleb128 0x49
 399 0033 13       		.uleb128 0x13
 400 0034 00       		.byte	0
ARM GAS  C:\Users\merlin\AppData\Local\Temp\ccDCoGqS.s 			page 10


 401 0035 00       		.byte	0
 402 0036 05       		.uleb128 0x5
 403 0037 35       		.uleb128 0x35
 404 0038 00       		.byte	0
 405 0039 49       		.uleb128 0x49
 406 003a 13       		.uleb128 0x13
 407 003b 00       		.byte	0
 408 003c 00       		.byte	0
 409 003d 06       		.uleb128 0x6
 410 003e 16       		.uleb128 0x16
 411 003f 00       		.byte	0
 412 0040 03       		.uleb128 0x3
 413 0041 0E       		.uleb128 0xe
 414 0042 3A       		.uleb128 0x3a
 415 0043 0B       		.uleb128 0xb
 416 0044 3B       		.uleb128 0x3b
 417 0045 05       		.uleb128 0x5
 418 0046 49       		.uleb128 0x49
 419 0047 13       		.uleb128 0x13
 420 0048 00       		.byte	0
 421 0049 00       		.byte	0
 422 004a 07       		.uleb128 0x7
 423 004b 2E       		.uleb128 0x2e
 424 004c 01       		.byte	0x1
 425 004d 3F       		.uleb128 0x3f
 426 004e 19       		.uleb128 0x19
 427 004f 03       		.uleb128 0x3
 428 0050 0E       		.uleb128 0xe
 429 0051 3A       		.uleb128 0x3a
 430 0052 0B       		.uleb128 0xb
 431 0053 3B       		.uleb128 0x3b
 432 0054 0B       		.uleb128 0xb
 433 0055 27       		.uleb128 0x27
 434 0056 19       		.uleb128 0x19
 435 0057 11       		.uleb128 0x11
 436 0058 01       		.uleb128 0x1
 437 0059 12       		.uleb128 0x12
 438 005a 06       		.uleb128 0x6
 439 005b 40       		.uleb128 0x40
 440 005c 18       		.uleb128 0x18
 441 005d 9742     		.uleb128 0x2117
 442 005f 19       		.uleb128 0x19
 443 0060 01       		.uleb128 0x1
 444 0061 13       		.uleb128 0x13
 445 0062 00       		.byte	0
 446 0063 00       		.byte	0
 447 0064 08       		.uleb128 0x8
 448 0065 34       		.uleb128 0x34
 449 0066 00       		.byte	0
 450 0067 03       		.uleb128 0x3
 451 0068 0E       		.uleb128 0xe
 452 0069 3A       		.uleb128 0x3a
 453 006a 0B       		.uleb128 0xb
 454 006b 3B       		.uleb128 0x3b
 455 006c 0B       		.uleb128 0xb
 456 006d 49       		.uleb128 0x49
 457 006e 13       		.uleb128 0x13
ARM GAS  C:\Users\merlin\AppData\Local\Temp\ccDCoGqS.s 			page 11


 458 006f 02       		.uleb128 0x2
 459 0070 18       		.uleb128 0x18
 460 0071 00       		.byte	0
 461 0072 00       		.byte	0
 462 0073 09       		.uleb128 0x9
 463 0074 898201   		.uleb128 0x4109
 464 0077 01       		.byte	0x1
 465 0078 11       		.uleb128 0x11
 466 0079 01       		.uleb128 0x1
 467 007a 31       		.uleb128 0x31
 468 007b 13       		.uleb128 0x13
 469 007c 01       		.uleb128 0x1
 470 007d 13       		.uleb128 0x13
 471 007e 00       		.byte	0
 472 007f 00       		.byte	0
 473 0080 0A       		.uleb128 0xa
 474 0081 8A8201   		.uleb128 0x410a
 475 0084 00       		.byte	0
 476 0085 02       		.uleb128 0x2
 477 0086 18       		.uleb128 0x18
 478 0087 9142     		.uleb128 0x2111
 479 0089 18       		.uleb128 0x18
 480 008a 00       		.byte	0
 481 008b 00       		.byte	0
 482 008c 0B       		.uleb128 0xb
 483 008d 898201   		.uleb128 0x4109
 484 0090 00       		.byte	0
 485 0091 11       		.uleb128 0x11
 486 0092 01       		.uleb128 0x1
 487 0093 31       		.uleb128 0x31
 488 0094 13       		.uleb128 0x13
 489 0095 00       		.byte	0
 490 0096 00       		.byte	0
 491 0097 0C       		.uleb128 0xc
 492 0098 898201   		.uleb128 0x4109
 493 009b 01       		.byte	0x1
 494 009c 11       		.uleb128 0x11
 495 009d 01       		.uleb128 0x1
 496 009e 31       		.uleb128 0x31
 497 009f 13       		.uleb128 0x13
 498 00a0 00       		.byte	0
 499 00a1 00       		.byte	0
 500 00a2 0D       		.uleb128 0xd
 501 00a3 34       		.uleb128 0x34
 502 00a4 00       		.byte	0
 503 00a5 03       		.uleb128 0x3
 504 00a6 0E       		.uleb128 0xe
 505 00a7 3A       		.uleb128 0x3a
 506 00a8 0B       		.uleb128 0xb
 507 00a9 3B       		.uleb128 0x3b
 508 00aa 05       		.uleb128 0x5
 509 00ab 49       		.uleb128 0x49
 510 00ac 13       		.uleb128 0x13
 511 00ad 3F       		.uleb128 0x3f
 512 00ae 19       		.uleb128 0x19
 513 00af 3C       		.uleb128 0x3c
 514 00b0 19       		.uleb128 0x19
ARM GAS  C:\Users\merlin\AppData\Local\Temp\ccDCoGqS.s 			page 12


 515 00b1 00       		.byte	0
 516 00b2 00       		.byte	0
 517 00b3 0E       		.uleb128 0xe
 518 00b4 01       		.uleb128 0x1
 519 00b5 01       		.byte	0x1
 520 00b6 49       		.uleb128 0x49
 521 00b7 13       		.uleb128 0x13
 522 00b8 01       		.uleb128 0x1
 523 00b9 13       		.uleb128 0x13
 524 00ba 00       		.byte	0
 525 00bb 00       		.byte	0
 526 00bc 0F       		.uleb128 0xf
 527 00bd 21       		.uleb128 0x21
 528 00be 00       		.byte	0
 529 00bf 49       		.uleb128 0x49
 530 00c0 13       		.uleb128 0x13
 531 00c1 2F       		.uleb128 0x2f
 532 00c2 0B       		.uleb128 0xb
 533 00c3 00       		.byte	0
 534 00c4 00       		.byte	0
 535 00c5 10       		.uleb128 0x10
 536 00c6 2E       		.uleb128 0x2e
 537 00c7 01       		.byte	0x1
 538 00c8 3F       		.uleb128 0x3f
 539 00c9 19       		.uleb128 0x19
 540 00ca 03       		.uleb128 0x3
 541 00cb 0E       		.uleb128 0xe
 542 00cc 3A       		.uleb128 0x3a
 543 00cd 0B       		.uleb128 0xb
 544 00ce 3B       		.uleb128 0x3b
 545 00cf 0B       		.uleb128 0xb
 546 00d0 27       		.uleb128 0x27
 547 00d1 19       		.uleb128 0x19
 548 00d2 3C       		.uleb128 0x3c
 549 00d3 19       		.uleb128 0x19
 550 00d4 01       		.uleb128 0x1
 551 00d5 13       		.uleb128 0x13
 552 00d6 00       		.byte	0
 553 00d7 00       		.byte	0
 554 00d8 11       		.uleb128 0x11
 555 00d9 05       		.uleb128 0x5
 556 00da 00       		.byte	0
 557 00db 49       		.uleb128 0x49
 558 00dc 13       		.uleb128 0x13
 559 00dd 00       		.byte	0
 560 00de 00       		.byte	0
 561 00df 12       		.uleb128 0x12
 562 00e0 2E       		.uleb128 0x2e
 563 00e1 01       		.byte	0x1
 564 00e2 3F       		.uleb128 0x3f
 565 00e3 19       		.uleb128 0x19
 566 00e4 03       		.uleb128 0x3
 567 00e5 0E       		.uleb128 0xe
 568 00e6 3A       		.uleb128 0x3a
 569 00e7 0B       		.uleb128 0xb
 570 00e8 3B       		.uleb128 0x3b
 571 00e9 0B       		.uleb128 0xb
ARM GAS  C:\Users\merlin\AppData\Local\Temp\ccDCoGqS.s 			page 13


 572 00ea 27       		.uleb128 0x27
 573 00eb 19       		.uleb128 0x19
 574 00ec 49       		.uleb128 0x49
 575 00ed 13       		.uleb128 0x13
 576 00ee 3C       		.uleb128 0x3c
 577 00ef 19       		.uleb128 0x19
 578 00f0 01       		.uleb128 0x1
 579 00f1 13       		.uleb128 0x13
 580 00f2 00       		.byte	0
 581 00f3 00       		.byte	0
 582 00f4 13       		.uleb128 0x13
 583 00f5 2E       		.uleb128 0x2e
 584 00f6 01       		.byte	0x1
 585 00f7 3F       		.uleb128 0x3f
 586 00f8 19       		.uleb128 0x19
 587 00f9 03       		.uleb128 0x3
 588 00fa 0E       		.uleb128 0xe
 589 00fb 3A       		.uleb128 0x3a
 590 00fc 0B       		.uleb128 0xb
 591 00fd 3B       		.uleb128 0x3b
 592 00fe 0B       		.uleb128 0xb
 593 00ff 27       		.uleb128 0x27
 594 0100 19       		.uleb128 0x19
 595 0101 3C       		.uleb128 0x3c
 596 0102 19       		.uleb128 0x19
 597 0103 00       		.byte	0
 598 0104 00       		.byte	0
 599 0105 00       		.byte	0
 600              		.section	.debug_aranges,"",%progbits
 601 0000 1C000000 		.4byte	0x1c
 602 0004 0200     		.2byte	0x2
 603 0006 00000000 		.4byte	.Ldebug_info0
 604 000a 04       		.byte	0x4
 605 000b 00       		.byte	0
 606 000c 0000     		.2byte	0
 607 000e 0000     		.2byte	0
 608 0010 00000000 		.4byte	.LFB34
 609 0014 9C000000 		.4byte	.LFE34-.LFB34
 610 0018 00000000 		.4byte	0
 611 001c 00000000 		.4byte	0
 612              		.section	.debug_ranges,"",%progbits
 613              	.Ldebug_ranges0:
 614 0000 00000000 		.4byte	.LFB34
 615 0004 9C000000 		.4byte	.LFE34
 616 0008 00000000 		.4byte	0
 617 000c 00000000 		.4byte	0
 618              		.section	.debug_line,"",%progbits
 619              	.Ldebug_line0:
 620 0000 A6000000 		.section	.debug_str,"MS",%progbits,1
 620      02007600 
 620      00000201 
 620      FB0E0D00 
 620      01010101 
 621              	.LASF14:
 622 0000 72656733 		.ascii	"reg32\000"
 622      3200
 623              	.LASF21:
ARM GAS  C:\Users\merlin\AppData\Local\Temp\ccDCoGqS.s 			page 14


 624 0006 43617053 		.ascii	"CapSense_PostScan\000"
 624      656E7365 
 624      5F506F73 
 624      74536361 
 624      6E00
 625              	.LASF26:
 626 0018 43617053 		.ascii	"CapSense_ISR\000"
 626      656E7365 
 626      5F495352 
 626      00
 627              	.LASF3:
 628 0025 73686F72 		.ascii	"short unsigned int\000"
 628      7420756E 
 628      7369676E 
 628      65642069 
 628      6E7400
 629              	.LASF16:
 630 0038 43617053 		.ascii	"CapSense_csdStatusVar\000"
 630      656E7365 
 630      5F637364 
 630      53746174 
 630      75735661 
 631              	.LASF22:
 632 004e 43617053 		.ascii	"CapSense_PreScan\000"
 632      656E7365 
 632      5F507265 
 632      5363616E 
 632      00
 633              	.LASF11:
 634 005f 666C6F61 		.ascii	"float\000"
 634      7400
 635              	.LASF1:
 636 0065 756E7369 		.ascii	"unsigned char\000"
 636      676E6564 
 636      20636861 
 636      7200
 637              	.LASF28:
 638 0073 43617053 		.ascii	"CapSense_FindNextSensor\000"
 638      656E7365 
 638      5F46696E 
 638      644E6578 
 638      7453656E 
 639              	.LASF5:
 640 008b 6C6F6E67 		.ascii	"long unsigned int\000"
 640      20756E73 
 640      69676E65 
 640      6420696E 
 640      7400
 641              	.LASF24:
 642 009d 2E5C4765 		.ascii	".\\Generated_Source\\PSoC4\\CapSense_INT.c\000"
 642      6E657261 
 642      7465645F 
 642      536F7572 
 642      63655C50 
 643              	.LASF18:
 644 00c5 43617053 		.ascii	"CapSense_sensorEnableMaskBackup\000"
 644      656E7365 
ARM GAS  C:\Users\merlin\AppData\Local\Temp\ccDCoGqS.s 			page 15


 644      5F73656E 
 644      736F7245 
 644      6E61626C 
 645              	.LASF27:
 646 00e5 43617053 		.ascii	"CapSense_snsIndexTmp\000"
 646      656E7365 
 646      5F736E73 
 646      496E6465 
 646      78546D70 
 647              	.LASF12:
 648 00fa 646F7562 		.ascii	"double\000"
 648      6C6500
 649              	.LASF29:
 650 0101 4379496E 		.ascii	"CyIntEnable\000"
 650      74456E61 
 650      626C6500 
 651              	.LASF10:
 652 010d 75696E74 		.ascii	"uint32\000"
 652      333200
 653              	.LASF8:
 654 0114 756E7369 		.ascii	"unsigned int\000"
 654      676E6564 
 654      20696E74 
 654      00
 655              	.LASF7:
 656 0121 6C6F6E67 		.ascii	"long long unsigned int\000"
 656      206C6F6E 
 656      6720756E 
 656      7369676E 
 656      65642069 
 657              	.LASF17:
 658 0138 43617053 		.ascii	"CapSense_sensorIndex\000"
 658      656E7365 
 658      5F73656E 
 658      736F7249 
 658      6E646578 
 659              	.LASF15:
 660 014d 73697A65 		.ascii	"sizetype\000"
 660      74797065 
 660      00
 661              	.LASF6:
 662 0156 6C6F6E67 		.ascii	"long long int\000"
 662      206C6F6E 
 662      6720696E 
 662      7400
 663              	.LASF13:
 664 0164 63686172 		.ascii	"char\000"
 664      00
 665              	.LASF25:
 666 0169 433A5C55 		.ascii	"C:\\Users\\merlin\\Documents\\PSoC Creator\\Sandbox"
 666      73657273 
 666      5C6D6572 
 666      6C696E5C 
 666      446F6375 
 667 0197 5F437261 		.ascii	"_CrazyEyes.cydsn\000"
 667      7A794579 
 667      65732E63 
ARM GAS  C:\Users\merlin\AppData\Local\Temp\ccDCoGqS.s 			page 16


 667      7964736E 
 667      00
 668              	.LASF23:
 669 01a8 474E5520 		.ascii	"GNU C 4.9.3 20150303 (release) [ARM/embedded-4_9-br"
 669      4320342E 
 669      392E3320 
 669      32303135 
 669      30333033 
 670 01db 616E6368 		.ascii	"anch revision 221220] -mcpu=cortex-m0 -mthumb -g -O"
 670      20726576 
 670      6973696F 
 670      6E203232 
 670      31323230 
 671 020e 67202D66 		.ascii	"g -ffunction-sections -ffat-lto-objects\000"
 671      66756E63 
 671      74696F6E 
 671      2D736563 
 671      74696F6E 
 672              	.LASF20:
 673 0236 4379496E 		.ascii	"CyIntDisable\000"
 673      74446973 
 673      61626C65 
 673      00
 674              	.LASF2:
 675 0243 73686F72 		.ascii	"short int\000"
 675      7420696E 
 675      7400
 676              	.LASF9:
 677 024d 75696E74 		.ascii	"uint8\000"
 677      3800
 678              	.LASF4:
 679 0253 6C6F6E67 		.ascii	"long int\000"
 679      20696E74 
 679      00
 680              	.LASF0:
 681 025c 7369676E 		.ascii	"signed char\000"
 681      65642063 
 681      68617200 
 682              	.LASF19:
 683 0268 43617053 		.ascii	"CapSense_sensorEnableMask\000"
 683      656E7365 
 683      5F73656E 
 683      736F7245 
 683      6E61626C 
 684              		.ident	"GCC: (GNU Tools for ARM Embedded Processors) 4.9.3 20150303 (release) [ARM/embedded-4_9-br
